<?xml version="1.0" encoding="UTF-8"?>
<!-- Generated by org.testng.reporters.JUnitReportReporter -->
<testsuite skipped="0" hostname="LIN59017991" name="com.MagentoStore.testCases.MyAccountPageTest" tests="1" failures="0" timestamp="08 Jul 2022 09:33:07 GMT" time="43.126" errors="0">
  <testcase name="addProductsToCartTest" time="43.126" classname="com.MagentoStore.testCases.MyAccountPageTest"/>
</testsuite> <!-- com.MagentoStore.testCases.MyAccountPageTest -->
