<?xml version="1.0" encoding="UTF-8"?>
<!-- Generated by org.testng.reporters.JUnitReportReporter -->
<testsuite skipped="0" hostname="LIN59017991" name="com.MagentoStore.testCases.HomePageTest" tests="4" failures="0" timestamp="20 Jul 2022 10:24:05 GMT" time="19.280" errors="0">
  <testcase name="validateHomePageURLTest" time="3.771" classname="com.MagentoStore.testCases.HomePageTest"/>
  <testcase name="validateHomePageTitleTest" time="4.653" classname="com.MagentoStore.testCases.HomePageTest"/>
  <testcase name="validateHomePageLogoTest" time="3.872" classname="com.MagentoStore.testCases.HomePageTest"/>
  <testcase name="clickOnAccCreationLinkTest" time="6.984" classname="com.MagentoStore.testCases.HomePageTest"/>
</testsuite> <!-- com.MagentoStore.testCases.HomePageTest -->
