<?xml version="1.0" encoding="UTF-8"?>
<!-- Generated by org.testng.reporters.JUnitReportReporter -->
<testsuite skipped="0" hostname="LIN59017991" name="com.MagentoStore.testCases.AddToCartPageTest" tests="1" failures="0" timestamp="11 Jul 2022 09:33:03 GMT" time="38.894" errors="0">
  <testcase name="validtaeProductsInCartTest" time="38.894" classname="com.MagentoStore.testCases.AddToCartPageTest"/>
</testsuite> <!-- com.MagentoStore.testCases.AddToCartPageTest -->
