<?xml version="1.0" encoding="UTF-8"?>
<!-- Generated by org.testng.reporters.JUnitReportReporter -->
<testsuite skipped="0" hostname="LIN59017991" name="com.MagentoStore.testCases.AccCreationPageTest" tests="4" failures="0" timestamp="05 Jul 2022 10:09:43 GMT" time="28.200" errors="0">
  <testcase name="validateAccCreationPageURLTest" time="4.907" classname="com.MagentoStore.testCases.AccCreationPageTest"/>
  <testcase name="validateAccCreationPageTitleTest" time="5.149" classname="com.MagentoStore.testCases.AccCreationPageTest"/>
  <testcase name="validateAccCreationPageTextTest" time="5.489" classname="com.MagentoStore.testCases.AccCreationPageTest"/>
  <testcase name="createAccountTest" time="12.655" classname="com.MagentoStore.testCases.AccCreationPageTest"/>
</testsuite> <!-- com.MagentoStore.testCases.AccCreationPageTest -->
