<?xml version="1.0" encoding="UTF-8"?>
<!-- Generated by org.testng.reporters.JUnitReportReporter -->
<testsuite skipped="0" hostname="LIN59017991" name="com.MagentoStore.testCases.CheckOutPageTest" tests="1" failures="0" timestamp="18 Jul 2022 08:44:27 GMT" time="29.790" errors="0">
  <testcase name="enterShippingDetailsTest" time="29.790" classname="com.MagentoStore.testCases.CheckOutPageTest"/>
</testsuite> <!-- com.MagentoStore.testCases.CheckOutPageTest -->
