<?xml version="1.0" encoding="UTF-8"?>
<!-- Generated by org.testng.reporters.JUnitReportReporter -->
<testsuite skipped="0" hostname="LIN59017991" name="com.MagentoStore.testCases.OrderSummaryPageTest" tests="1" failures="0" timestamp="18 Jul 2022 09:41:17 GMT" time="36.496" errors="0">
  <testcase name="validateOrderSummaryTest" time="36.496" classname="com.MagentoStore.testCases.OrderSummaryPageTest"/>
</testsuite> <!-- com.MagentoStore.testCases.OrderSummaryPageTest -->
