<?xml version="1.0" encoding="UTF-8"?>
<!-- Generated by org.testng.reporters.JUnitReportReporter -->
<testsuite skipped="0" hostname="LIN59017991" name="com.MagentoStore.testCases.LoginPageTest" tests="3" failures="0" timestamp="05 Jul 2022 11:08:36 GMT" time="21.257" errors="0">
  <testcase name="validateLoginPageTitleTest" time="6.810" classname="com.MagentoStore.testCases.LoginPageTest"/>
  <testcase name="validateLoginPageTextTest" time="4.941" classname="com.MagentoStore.testCases.LoginPageTest"/>
  <testcase name="loginTest" time="9.506" classname="com.MagentoStore.testCases.LoginPageTest"/>
</testsuite> <!-- com.MagentoStore.testCases.LoginPageTest -->
